<?xml version="1.0" encoding="UTF-8"?>
<!-- Generated by org.testng.reporters.JUnitXMLReporter -->
<testsuite hostname="DESKTOP-5DP82P4" ignored="0" name="Test1" tests="1" failures="1" timestamp="20 Nov 2019 15:08:32 GMT" time="45.757" errors="0">
  <testcase name="logintest" time="19.655" classname="testCases.TC_LoginTest_001">
    <failure type="java.lang.AssertionError" message="expected [true] but found [false]">
      <![CDATA[java.lang.AssertionError: expected [true] but found [false]
at testCases.TC_LoginTest_001.logintest(TC_LoginTest_001.java:39)
... Removed 29 stack frames]]>
    </failure>
  </testcase> <!-- logintest -->
</testsuite> <!-- Test1 -->
